HTTP_SEND_GET [USER_AGENT] - 2022-12-19T00:59:00.385Z - https://discord.com/api/v10/users/@me
User-Agent: Cogmasters (https://github.com/Cogmasters)
Authorization: Bot Nzk5Njk5NTA3MDQxMjcxOTA5.GbysC1.KwwqMljuN-2p_aRQIFfiR5FlB4UpS49xNZRsWY

@@@_1_@@@
HTTP_RCV_OK(200) [USER_AGENT] - 2022-12-19T00:59:00.552Z - https://discord.com/api/v10/users/@me
date: Mon, 19 Dec 2022 00:59:00 GMT
content-type: application/json
set-cookie: __dcfduid=52f889e87f3811ed9f5d6ae7ae0ba0e7; Expires=Sat, 18-Dec-2027 00:59:00 GMT; Max-Age=157680000; Secure; HttpOnly; Path=/
strict-transport-security: max-age=31536000; includeSubDomains; preload
via: 1.1 google
alt-svc: h3=":443"; ma=86400, h3-29=":443"; ma=86400
cf-cache-status: DYNAMIC
report-to: {"endpoints":[{"url":"https:\/\/a.nel.cloudflare.com\/report\/v3?s=W9C2nbB2hF%2BRI8BuFiBycaYHVMwfK4MIbFNyzMIwufHCyqJWlD9gT4GiNshnGNzhSgu7k5rIDHyX9W6deKubWLyBjbXQdACPy9Dh65L1VAzZRqQUMcsGBdZHdUlB"}],"group":"cf-nel","max_age":604800}
nel: {"success_fraction":0,"report_to":"cf-nel","max_age":604800}
x-content-type-options: nosniff
set-cookie: __sdcfduid=52f889e87f3811ed9f5d6ae7ae0ba0e7b32398a8839dbacba7816de395e584b944d8c3c6b0cdc5a46946f4f79c940468; Expires=Sat, 18-Dec-2027 00:59:00 GMT; Max-Age=157680000; Secure; HttpOnly; Path=/
set-cookie: __cfruid=15e1bcdd34ef7d35778f4ee6db67cebca1bf59c9-1671411540; path=/; domain=.discord.com; HttpOnly; Secure; SameSite=None
server: cloudflare
cf-ray: 77bc316fd8536390-ORD

{"id": "799699507041271909", "username": "FTHBOT", "avatar": "e9290764bea4a17a712eb9d9d2c46b77", "avatar_decoration": null, "discriminator": "3574", "public_flags": 0, "flags": 0, "bot": true, "banner": null, "banner_color": null, "accent_color": null, "bio": "", "locale": "en-US", "mfa_enabled": true, "premium_type": 0, "email": null, "verified": true}
@@@_2_@@@
HTTP_SEND_GET [USER_AGENT] - 2022-12-19T00:59:00.553Z - https://discord.com/api/v10/gateway/bot
User-Agent: Cogmasters (https://github.com/Cogmasters)
Authorization: Bot Nzk5Njk5NTA3MDQxMjcxOTA5.GbysC1.KwwqMljuN-2p_aRQIFfiR5FlB4UpS49xNZRsWY

@@@_3_@@@
HTTP_RCV_OK(200) [USER_AGENT] - 2022-12-19T00:59:00.647Z - https://discord.com/api/v10/gateway/bot
date: Mon, 19 Dec 2022 00:59:00 GMT
content-type: application/json
set-cookie: __dcfduid=53073f107f3811edaef37aa7c0fadfa4; Expires=Sat, 18-Dec-2027 00:59:00 GMT; Max-Age=157680000; Secure; HttpOnly; Path=/
strict-transport-security: max-age=31536000; includeSubDomains; preload
x-ratelimit-bucket: 41f9cd5d28af77da04563bcb1d67fdfd
x-ratelimit-limit: 2
x-ratelimit-remaining: 1
x-ratelimit-reset: 1671411545.612
x-ratelimit-reset-after: 5.000
via: 1.1 google
alt-svc: h3=":443"; ma=86400, h3-29=":443"; ma=86400
cf-cache-status: DYNAMIC
report-to: {"endpoints":[{"url":"https:\/\/a.nel.cloudflare.com\/report\/v3?s=sZkD8lMdqiduPddv76XXh3hL%2B5kMqICV2uLUFhpR9F8T2qQLSIosSR1l%2BeVMhmuODccp7%2BuMRNjvvwHL6rzmibTmqwtiXBzav0glGJhIZgQJrYQ5Wz5JCecrwOsJ"}],"group":"cf-nel","max_age":604800}
nel: {"success_fraction":0,"report_to":"cf-nel","max_age":604800}
x-content-type-options: nosniff
set-cookie: __sdcfduid=53073f107f3811edaef37aa7c0fadfa4db2c56699e1be69b20e5ca864a668f3ce1181c18575a47ab578feb0fb692f3f2; Expires=Sat, 18-Dec-2027 00:59:00 GMT; Max-Age=157680000; Secure; HttpOnly; Path=/
set-cookie: __cfruid=15e1bcdd34ef7d35778f4ee6db67cebca1bf59c9-1671411540; path=/; domain=.discord.com; HttpOnly; Secure; SameSite=None
server: cloudflare
cf-ray: 77bc3170790f6390-ORD

{"url": "wss://gateway.discord.gg", "shards": 1, "session_start_limit": {"total": 1000, "remaining": 980, "reset_after": 79544475, "max_concurrency": 1}}
@@@_4_@@@
WS_RCV_CONNECT [WEBSOCKETS] - 2022-12-19T00:59:00.813Z - wss://gateway.discord.gg/?v=10&encoding=json

@@@_5_@@@
WS_RCV_TEXT [WEBSOCKETS] - 2022-12-19T00:59:00.814Z - wss://gateway.discord.gg/?v=10&encoding=json
{"t":null,"s":null,"op":10,"d":{"heartbeat_interval":41250,"_trace":["[\"gateway-prd-us-east1-c-195d\",{\"micros\":0.0}]"]}}
@@@_6_@@@
WS_SEND_TEXT [WEBSOCKETS] - 2022-12-19T00:59:00.814Z - wss://gateway.discord.gg/?v=10&encoding=json
{"op":2,"d":{"token":"Nzk5Njk5NTA3MDQxMjcxOTA5.GbysC1.KwwqMljuN-2p_aRQIFfiR5FlB4UpS49xNZRsWY","properties":{"os":"GNU/Linux","browser":"concord","device":"concord"},"compress":false,"large_threshold":0,"presence":{"status":"online","since":"2022-12-19T00:59:00.384Z","afk":false},"intents":"46592"}}
@@@_7_@@@
WS_RCV_TEXT [WEBSOCKETS] - 2022-12-19T00:59:01.081Z - wss://gateway.discord.gg/?v=10&encoding=json
{"t":"READY","s":1,"op":0,"d":{"v":10,"user_settings":{},"user":{"verified":true,"username":"FTHBOT","mfa_enabled":true,"id":"799699507041271909","flags":0,"email":null,"discriminator":"3574","bot":true,"avatar":"e9290764bea4a17a712eb9d9d2c46b77"},"session_type":"normal","session_id":"8205731457ff9465b50faf005713107a","resume_gateway_url":"wss://gateway-us-east1-c.discord.gg","relationships":[],"private_channels":[],"presences":[],"guilds":[{"unavailable":true,"id":"712408361701736478"},{"unavailable":true,"id":"776585103748366337"},{"unavailable":true,"id":"861933550135934996"}],"guild_join_requests":[],"geo_ordered_rtc_regions":["us-central","atlanta","us-east","newark","us-south"],"application":{"id":"799699507041271909","flags":565248},"_trace":["[\"gateway-prd-us-east1-c-195d\",{\"micros\":128698,\"calls\":[\"id_created\",{\"micros\":948,\"calls\":[]},\"session_lookup_time\",{\"micros\":710,\"calls\":[]},\"session_lookup_finished\",{\"micros\":11,\"calls\":[]},\"discord-sessions-blue-prd-2-17\",{\"micros\":126670,\"calls\":[\"start_session\",{\"micros\":48037,\"calls\":[\"discord-api-779b98f988-njkht\",{\"micros\":39746,\"calls\":[\"get_user\",{\"micros\":8363},\"get_guilds\",{\"micros\":6117},\"send_scheduled_deletion_message\",{\"micros\":12},\"guild_join_requests\",{\"micros\":134},\"authorized_ip_coro\",{\"micros\":11}]}]},\"starting_guild_connect\",{\"micros\":59,\"calls\":[]},\"presence_started\",{\"micros\":44315,\"calls\":[]},\"guilds_started\",{\"micros\":128,\"calls\":[]},\"guilds_connect\",{\"micros\":1,\"calls\":[]},\"presence_connect\",{\"micros\":34086,\"calls\":[]},\"connect_finished\",{\"micros\":34090,\"calls\":[]},\"build_ready\",{\"micros\":22,\"calls\":[]},\"optimize_ready\",{\"micros\":17,\"calls\":[]},\"split_ready\",{\"micros\":1,\"calls\":[]},\"clean_ready\",{\"micros\":0,\"calls\":[]}]}]}]"]}}
@@@_8_@@@
WS_SEND_TEXT [WEBSOCKETS] - 2022-12-19T00:59:01.081Z - wss://gateway.discord.gg/?v=10&encoding=json
{"op":1,"d":1}
@@@_9_@@@
WS_SEND_TEXT [WEBSOCKETS] - 2022-12-19T00:59:01.082Z - wss://gateway.discord.gg/?v=10&encoding=json
{"op":3,"d":{"status":"online","activities":[{"name":"with FORTH","type":0,"details":"AAAAH","instance":false,"flags":"0"}],"since":"2022-12-19T00:59:01.082Z","afk":false}}
@@@_10_@@@
WS_RCV_TEXT [WEBSOCKETS] - 2022-12-19T00:59:01.121Z - wss://gateway.discord.gg/?v=10&encoding=json
{"t":null,"s":null,"op":11,"d":null}
@@@_11_@@@
